<?xml version="1.0" encoding="UTF-8"?>
<testng-results ignored="0" total="15" passed="15" failed="0" skipped="0">
  <reporter-output>
  </reporter-output>
  <suite started-at="2024-10-07T19:25:30 GMT+01:00" name="e-commercePomProject" finished-at="2024-10-07T19:28:27 GMT+01:00" duration-ms="176748">
    <groups>
    </groups>
    <test started-at="2024-10-07T19:25:30 GMT+01:00" name="Regression-test" finished-at="2024-10-07T19:28:27 GMT+01:00" duration-ms="176748">
      <class name="tests.LoginTest">
        <test-method signature="InvalidPasswordLogin()[pri:1, instance:tests.LoginTest@6b88ca8c]" started-at="2024-10-07T19:25:56 GMT+01:00" name="InvalidPasswordLogin" finished-at="2024-10-07T19:26:32 GMT+01:00" duration-ms="35896" status="PASS">
          <reporter-output>
          </reporter-output>
        </test-method> <!-- InvalidPasswordLogin -->
        <test-method signature="InvalidEmailLogin()[pri:2, instance:tests.LoginTest@6b88ca8c]" started-at="2024-10-07T19:26:32 GMT+01:00" name="InvalidEmailLogin" finished-at="2024-10-07T19:26:56 GMT+01:00" duration-ms="24177" status="PASS">
          <reporter-output>
          </reporter-output>
        </test-method> <!-- InvalidEmailLogin -->
        <test-method signature="EmptyCredentialsLogin()[pri:3, instance:tests.LoginTest@6b88ca8c]" started-at="2024-10-07T19:26:56 GMT+01:00" name="EmptyCredentialsLogin" finished-at="2024-10-07T19:27:02 GMT+01:00" duration-ms="5331" status="PASS">
          <reporter-output>
          </reporter-output>
        </test-method> <!-- EmptyCredentialsLogin -->
        <test-method signature="ValidCredentialsLogin()[pri:4, instance:tests.LoginTest@6b88ca8c]" started-at="2024-10-07T19:27:02 GMT+01:00" name="ValidCredentialsLogin" finished-at="2024-10-07T19:27:12 GMT+01:00" duration-ms="10643" status="PASS">
          <reporter-output>
          </reporter-output>
        </test-method> <!-- ValidCredentialsLogin -->
        <test-method signature="SignOut()[pri:5, instance:tests.LoginTest@6b88ca8c]" started-at="2024-10-07T19:27:12 GMT+01:00" name="SignOut" finished-at="2024-10-07T19:27:15 GMT+01:00" duration-ms="2751" status="PASS">
          <reporter-output>
          </reporter-output>
        </test-method> <!-- SignOut -->
      </class> <!-- tests.LoginTest -->
      <class name="tests.ProductOrderTest">
        <test-method signature="Login()[pri:1, instance:tests.ProductOrderTest@34158c08]" started-at="2024-10-07T19:27:35 GMT+01:00" name="Login" finished-at="2024-10-07T19:27:56 GMT+01:00" duration-ms="20815" status="PASS">
          <reporter-output>
          </reporter-output>
        </test-method> <!-- Login -->
        <test-method signature="EditShipping()[pri:2, instance:tests.ProductOrderTest@34158c08]" started-at="2024-10-07T19:27:56 GMT+01:00" name="EditShipping" finished-at="2024-10-07T19:28:23 GMT+01:00" duration-ms="26939" status="PASS">
          <reporter-output>
          </reporter-output>
        </test-method> <!-- EditShipping -->
        <test-method signature="FinishShipping()[pri:3, instance:tests.ProductOrderTest@34158c08]" started-at="2024-10-07T19:28:23 GMT+01:00" name="FinishShipping" finished-at="2024-10-07T19:28:27 GMT+01:00" duration-ms="4174" status="PASS">
          <reporter-output>
          </reporter-output>
        </test-method> <!-- FinishShipping -->
      </class> <!-- tests.ProductOrderTest -->
      <class name="tests.AddProductToCartTest">
        <test-method signature="AddToCartProduct()[pri:0, instance:tests.AddProductToCartTest@2f16c6b3]" started-at="2024-10-07T19:27:30 GMT+01:00" name="AddToCartProduct" finished-at="2024-10-07T19:27:35 GMT+01:00" duration-ms="4406" status="PASS">
          <reporter-output>
          </reporter-output>
        </test-method> <!-- AddToCartProduct -->
      </class> <!-- tests.AddProductToCartTest -->
      <class name="tests.ProductSearchTest">
        <test-method signature="SearchProduct()[pri:1, instance:tests.ProductSearchTest@336f1079]" started-at="2024-10-07T19:27:15 GMT+01:00" name="SearchProduct" finished-at="2024-10-07T19:27:23 GMT+01:00" duration-ms="7648" status="PASS">
          <reporter-output>
          </reporter-output>
        </test-method> <!-- SearchProduct -->
        <test-method signature="SortProduct()[pri:2, instance:tests.ProductSearchTest@336f1079]" started-at="2024-10-07T19:27:23 GMT+01:00" name="SortProduct" finished-at="2024-10-07T19:27:26 GMT+01:00" duration-ms="3307" status="PASS">
          <reporter-output>
          </reporter-output>
        </test-method> <!-- SortProduct -->
        <test-method signature="ChooseProduct()[pri:3, instance:tests.ProductSearchTest@336f1079]" started-at="2024-10-07T19:27:26 GMT+01:00" name="ChooseProduct" finished-at="2024-10-07T19:27:30 GMT+01:00" duration-ms="4377" status="PASS">
          <reporter-output>
          </reporter-output>
        </test-method> <!-- ChooseProduct -->
      </class> <!-- tests.ProductSearchTest -->
      <class name="tests.RegistrationTest">
        <test-method is-config="true" signature="StartDriver()[pri:0, instance:tests.RegistrationTest@554e218]" started-at="2024-10-07T19:25:06 GMT+01:00" name="StartDriver" finished-at="2024-10-07T19:25:30 GMT+01:00" duration-ms="24480" status="PASS">
          <reporter-output>
          </reporter-output>
        </test-method> <!-- StartDriver -->
        <test-method signature="Registration()[pri:1, instance:tests.RegistrationTest@554e218]" started-at="2024-10-07T19:25:30 GMT+01:00" name="Registration" finished-at="2024-10-07T19:25:46 GMT+01:00" duration-ms="15686" status="PASS">
          <reporter-output>
          </reporter-output>
        </test-method> <!-- Registration -->
        <test-method signature="ChangePassword()[pri:2, instance:tests.RegistrationTest@554e218]" started-at="2024-10-07T19:25:46 GMT+01:00" name="ChangePassword" finished-at="2024-10-07T19:25:48 GMT+01:00" duration-ms="1354" status="PASS">
          <reporter-output>
          </reporter-output>
        </test-method> <!-- ChangePassword -->
        <test-method signature="changePasswordFields()[pri:3, instance:tests.RegistrationTest@554e218]" started-at="2024-10-07T19:25:48 GMT+01:00" name="changePasswordFields" finished-at="2024-10-07T19:25:56 GMT+01:00" duration-ms="8626" status="PASS">
          <reporter-output>
          </reporter-output>
        </test-method> <!-- changePasswordFields -->
        <test-method is-config="true" signature="tearDown()[pri:0, instance:tests.RegistrationTest@554e218]" started-at="2024-10-07T19:28:27 GMT+01:00" name="tearDown" finished-at="2024-10-07T19:28:30 GMT+01:00" duration-ms="2385" status="PASS">
          <reporter-output>
          </reporter-output>
        </test-method> <!-- tearDown -->
      </class> <!-- tests.RegistrationTest -->
    </test> <!-- Regression-test -->
  </suite> <!-- e-commercePomProject -->
</testng-results>
