<?xml version="1.0" encoding="UTF-8"?>
<!-- Generated by org.testng.reporters.JUnitXMLReporter -->
<testsuite ignored="8" hostname="VR10" failures="0" tests="14" name="Regression-test" time="212.826" errors="0" timestamp="2024-10-06T22:23:41 GMT+01:00">
  <testcase classname="tests.RegistrationTest" name="Registration" time="11.997"/>
  <testcase classname="tests.RegistrationTest" name="ChangePassword" time="7.861"/>
  <testcase classname="tests.LoginTest" name="InvalidEmailLogin" time="20.799"/>
  <testcase classname="tests.LoginTest" name="InvalidPasswordLogin" time="43.612"/>
  <testcase classname="tests.LoginTest" name="EmptyCredentialsLogin" time="2.846"/>
  <testcase classname="tests.LoginTest" name="ValidCredentialsLogin" time="52.556"/>
  <testcase classname="tests.LoginTest" name="SignOut" time="3.193"/>
  <testcase classname="tests.ProductSearchTest" name="SearchProduct" time="5.762"/>
  <testcase classname="tests.ProductSearchTest" name="SortProduct" time="3.137"/>
  <testcase classname="tests.ProductSearchTest" name="ChooseProduct" time="4.59"/>
  <testcase classname="tests.AddProductToCartTest" name="AddToCartProduct" time="3.873"/>
  <testcase classname="tests.ProductOrderTest" name="Login" time="20.965"/>
  <testcase classname="tests.ProductOrderTest" name="EditShipping" time="26.717"/>
  <testcase classname="tests.ProductOrderTest" name="FinishShipping" time="4.315"/>
  <testcase classname="tests.TestBase" name="@BeforeSuite StartDriver" time="0.0">
    <ignored/>
  </testcase> <!-- @BeforeSuite StartDriver -->
  <testcase classname="tests.TestBase" name="@AfterSuite tearDown" time="0.0">
    <ignored/>
  </testcase> <!-- @AfterSuite tearDown -->
  <testcase classname="tests.TestBase" name="@AfterSuite tearDown" time="0.0">
    <ignored/>
  </testcase> <!-- @AfterSuite tearDown -->
  <testcase classname="tests.TestBase" name="@BeforeSuite StartDriver" time="0.0">
    <ignored/>
  </testcase> <!-- @BeforeSuite StartDriver -->
  <testcase classname="tests.TestBase" name="@AfterSuite tearDown" time="0.0">
    <ignored/>
  </testcase> <!-- @AfterSuite tearDown -->
  <testcase classname="tests.TestBase" name="@BeforeSuite StartDriver" time="0.0">
    <ignored/>
  </testcase> <!-- @BeforeSuite StartDriver -->
  <testcase classname="tests.TestBase" name="@AfterSuite tearDown" time="0.0">
    <ignored/>
  </testcase> <!-- @AfterSuite tearDown -->
  <testcase classname="tests.TestBase" name="@BeforeSuite StartDriver" time="0.0">
    <ignored/>
  </testcase> <!-- @BeforeSuite StartDriver -->
</testsuite> <!-- Regression-test -->
