<?xml version="1.0" encoding="UTF-8"?>
<!-- Generated by org.testng.reporters.JUnitXMLReporter -->
<testsuite ignored="8" hostname="VR10" failures="0" tests="15" name="Regression-test" time="174.838" errors="0" timestamp="2024-10-07T18:47:12 GMT+01:00">
  <testcase classname="tests.RegistrationTest" name="Registration" time="13.963"/>
  <testcase classname="tests.RegistrationTest" name="ChangePassword" time="2.703"/>
  <testcase classname="tests.RegistrationTest" name="changePasswordFields" time="9.09"/>
  <testcase classname="tests.LoginTest" name="InvalidPasswordLogin" time="34.29"/>
  <testcase classname="tests.LoginTest" name="InvalidEmailLogin" time="25.196"/>
  <testcase classname="tests.LoginTest" name="EmptyCredentialsLogin" time="5.399"/>
  <testcase classname="tests.LoginTest" name="ValidCredentialsLogin" time="9.647"/>
  <testcase classname="tests.LoginTest" name="SignOut" time="3.438"/>
  <testcase classname="tests.ProductSearchTest" name="SearchProduct" time="6.582"/>
  <testcase classname="tests.ProductSearchTest" name="SortProduct" time="2.972"/>
  <testcase classname="tests.ProductSearchTest" name="ChooseProduct" time="5.233"/>
  <testcase classname="tests.AddProductToCartTest" name="AddToCartProduct" time="3.733"/>
  <testcase classname="tests.ProductOrderTest" name="Login" time="20.807"/>
  <testcase classname="tests.ProductOrderTest" name="EditShipping" time="27.089"/>
  <testcase classname="tests.ProductOrderTest" name="FinishShipping" time="4.111"/>
  <testcase classname="tests.TestBase" name="@BeforeSuite StartDriver" time="0.0">
    <ignored/>
  </testcase> <!-- @BeforeSuite StartDriver -->
  <testcase classname="tests.TestBase" name="@AfterSuite tearDown" time="0.0">
    <ignored/>
  </testcase> <!-- @AfterSuite tearDown -->
  <testcase classname="tests.TestBase" name="@AfterSuite tearDown" time="0.0">
    <ignored/>
  </testcase> <!-- @AfterSuite tearDown -->
  <testcase classname="tests.TestBase" name="@BeforeSuite StartDriver" time="0.0">
    <ignored/>
  </testcase> <!-- @BeforeSuite StartDriver -->
  <testcase classname="tests.TestBase" name="@AfterSuite tearDown" time="0.0">
    <ignored/>
  </testcase> <!-- @AfterSuite tearDown -->
  <testcase classname="tests.TestBase" name="@BeforeSuite StartDriver" time="0.0">
    <ignored/>
  </testcase> <!-- @BeforeSuite StartDriver -->
  <testcase classname="tests.TestBase" name="@AfterSuite tearDown" time="0.0">
    <ignored/>
  </testcase> <!-- @AfterSuite tearDown -->
  <testcase classname="tests.TestBase" name="@BeforeSuite StartDriver" time="0.0">
    <ignored/>
  </testcase> <!-- @BeforeSuite StartDriver -->
</testsuite> <!-- Regression-test -->
