<?xml version="1.0" encoding="UTF-8"?>
<!-- Generated by org.testng.reporters.JUnitXMLReporter -->
<testsuite ignored="0" hostname="VR10" failures="0" tests="3" name="Default test" time="8.425" errors="0" timestamp="2024-09-22T22:29:33 GMT+01:00">
  <testcase classname="tests.ProductSearchTest" name="SearchProduct" time="2.583"/>
  <testcase classname="tests.ProductSearchTest" name="SortProduct" time="2.307"/>
  <testcase classname="tests.ProductSearchTest" name="ChooseProduct" time="3.35"/>
</testsuite> <!-- Default test -->
