<?xml version="1.0" encoding="UTF-8"?>
<!-- Generated by org.testng.reporters.JUnitXMLReporter -->
<testsuite ignored="0" hostname="VR10" failures="0" tests="3" name="Default test" time="14.422" errors="0" timestamp="2024-10-02T13:10:58 GMT+01:00">
  <testcase classname="tests.ProductSearchTest" name="SearchProduct" time="3.006"/>
  <testcase classname="tests.ProductSearchTest" name="SortProduct" time="3.587"/>
  <testcase classname="tests.ProductSearchTest" name="ChooseProduct" time="7.57"/>
</testsuite> <!-- Default test -->
