<?xml version="1.0" encoding="UTF-8"?>
<!-- Generated by org.testng.reporters.JUnitXMLReporter -->
<testsuite ignored="0" hostname="VR10" failures="0" tests="3" name="Default test" time="11.928" errors="0" timestamp="2024-10-06T18:51:30 GMT+01:00">
  <testcase classname="tests.ProductSearchTest" name="SearchProduct" time="3.181"/>
  <testcase classname="tests.ProductSearchTest" name="SortProduct" time="3.483"/>
  <testcase classname="tests.ProductSearchTest" name="ChooseProduct" time="4.742"/>
</testsuite> <!-- Default test -->
