<?xml version="1.0" encoding="UTF-8"?>
<!-- Generated by org.testng.reporters.JUnitXMLReporter -->
<testsuite ignored="2" hostname="VR10" failures="0" tests="7" name="testng" time="151.068" errors="0" timestamp="2024-09-22T17:56:41 GMT+01:00">
  <testcase classname="tests.RegistrationTest" name="Registration" time="13.329"/>
  <testcase classname="tests.RegistrationTest" name="ChangePassword" time="8.658"/>
  <testcase classname="tests.LoginTest" name="InvalidEmailLogin" time="2.163"/>
  <testcase classname="tests.LoginTest" name="InvalidPasswordLogin" time="106.535"/>
  <testcase classname="tests.LoginTest" name="EmptyCredentialsLogin" time="2.466"/>
  <testcase classname="tests.LoginTest" name="ValidCredentialsLogin" time="10.388"/>
  <testcase classname="tests.LoginTest" name="SignOut" time="7.327"/>
  <testcase classname="tests.TestBase" name="@AfterSuite tearDown" time="0.0">
    <ignored/>
  </testcase> <!-- @AfterSuite tearDown -->
  <testcase classname="tests.TestBase" name="@BeforeSuite StartDriver" time="0.0">
    <ignored/>
  </testcase> <!-- @BeforeSuite StartDriver -->
</testsuite> <!-- testng -->
