<?xml version="1.0" encoding="UTF-8"?>
<!-- Generated by org.testng.reporters.JUnitXMLReporter -->
<testsuite ignored="4" hostname="VR10" failures="0" tests="7" name="testng" time="61.746" errors="0" timestamp="2024-09-23T21:15:40 GMT+01:00">
  <testcase classname="tests.ProductSearchTest" name="SearchProduct" time="2.612"/>
  <testcase classname="tests.ProductSearchTest" name="SortProduct" time="1.907"/>
  <testcase classname="tests.ProductSearchTest" name="ChooseProduct" time="2.495"/>
  <testcase classname="tests.AddProductToCartTest" name="AddToCartProduct" time="3.826"/>
  <testcase classname="tests.ProductOrderTest" name="Login" time="21.395"/>
  <testcase classname="tests.ProductOrderTest" name="EditShipping" time="17.538"/>
  <testcase classname="tests.ProductOrderTest" name="FinishShipping" time="11.814"/>
  <testcase classname="tests.TestBase" name="@AfterSuite tearDown" time="0.0">
    <ignored/>
  </testcase> <!-- @AfterSuite tearDown -->
  <testcase classname="tests.TestBase" name="@AfterSuite tearDown" time="0.0">
    <ignored/>
  </testcase> <!-- @AfterSuite tearDown -->
  <testcase classname="tests.TestBase" name="@BeforeSuite StartDriver" time="0.0">
    <ignored/>
  </testcase> <!-- @BeforeSuite StartDriver -->
  <testcase classname="tests.TestBase" name="@BeforeSuite StartDriver" time="0.0">
    <ignored/>
  </testcase> <!-- @BeforeSuite StartDriver -->
</testsuite> <!-- testng -->
